INFO [02-27|19:47:16] Maximum peer count                       ETH=25 LES=0 total=25
INFO [02-27|19:47:16] Starting peer-to-peer node               instance=Geth/v1.8.1-stable/darwin-amd64/go1.10
INFO [02-27|19:47:16] Allocated cache and file handles         database=/Users/izaakweiss/Dropbox/Programming/EthereumWargame/chain/myDataDir/geth/chaindata cache=768 handles=1024
WARN [02-27|19:47:16] Upgrading database to use lookup entries 
INFO [02-27|19:47:16] Database deduplication successful        deduped=0
INFO [02-27|19:47:16] Initialised chain configuration          config="{ChainID: 1994 Homestead: 0 DAO: <nil> DAOSupport: false EIP150: <nil> EIP155: 0 EIP158: 0 Byzantium: 0 Engine: unknown}"
INFO [02-27|19:47:16] Disk storage enabled for ethash caches   dir=/Users/izaakweiss/Dropbox/Programming/EthereumWargame/chain/myDataDir/geth/ethash count=3
INFO [02-27|19:47:16] Disk storage enabled for ethash DAGs     dir=/Users/izaakweiss/.ethash                                                         count=2
INFO [02-27|19:47:16] Initialising Ethereum protocol           versions="[63 62]" network=1114
INFO [02-27|19:47:16] Loaded most recent local header          number=0 hash=e2b9c9…1c0c12 td=400
INFO [02-27|19:47:16] Loaded most recent local full block      number=0 hash=e2b9c9…1c0c12 td=400
INFO [02-27|19:47:16] Loaded most recent local fast block      number=0 hash=e2b9c9…1c0c12 td=400
INFO [02-27|19:47:16] Regenerated local transaction journal    transactions=0 accounts=0
INFO [02-27|19:47:16] Starting P2P networking 
INFO [02-27|19:47:18] UDP listener up                          self=enode://b5eabacc39092641feb336ef412f851196ef10aa05e3a0e6c21f4ea50537cb491cc4c418bca5082e830bd6d8c5c7820b3568c7c2c7fb80aacfe0684c90ff919b@[::]:30303
INFO [02-27|19:47:18] RLPx listener up                         self=enode://b5eabacc39092641feb336ef412f851196ef10aa05e3a0e6c21f4ea50537cb491cc4c418bca5082e830bd6d8c5c7820b3568c7c2c7fb80aacfe0684c90ff919b@[::]:30303
INFO [02-27|19:47:18] IPC endpoint opened                      url=/Users/izaakweiss/Dropbox/Programming/EthereumWargame/chain/myDataDir/geth.ipc
INFO [02-27|19:48:53] Etherbase automatically configured       address=0xf35482C81c8b17aFb6905541ef24AbBD95e5c126
INFO [02-27|19:49:17] Updated mining threads                   threads=0
INFO [02-27|19:49:17] Transaction pool price threshold updated price=18000000000
INFO [02-27|19:49:17] Starting mining operation 
INFO [02-27|19:49:17] Commit new mining work                   number=1 txs=0 uncles=0 elapsed=176.035µs
INFO [02-27|19:49:18] Generating DAG in progress               epoch=0 percentage=0 elapsed=471.901ms
INFO [02-27|19:49:19] Generating DAG in progress               epoch=0 percentage=1 elapsed=970.262ms
INFO [02-27|19:49:19] Generating DAG in progress               epoch=0 percentage=2 elapsed=1.442s
INFO [02-27|19:49:20] Generating DAG in progress               epoch=0 percentage=3 elapsed=1.926s
INFO [02-27|19:49:20] Generating DAG in progress               epoch=0 percentage=4 elapsed=2.410s
INFO [02-27|19:49:21] Generating DAG in progress               epoch=0 percentage=5 elapsed=2.897s
INFO [02-27|19:49:21] Generating DAG in progress               epoch=0 percentage=6 elapsed=3.366s
INFO [02-27|19:49:22] Generating DAG in progress               epoch=0 percentage=7 elapsed=3.864s
INFO [02-27|19:49:22] Generating DAG in progress               epoch=0 percentage=8 elapsed=4.347s
INFO [02-27|19:49:23] Generating DAG in progress               epoch=0 percentage=9 elapsed=4.828s
INFO [02-27|19:49:23] Generating DAG in progress               epoch=0 percentage=10 elapsed=5.287s
INFO [02-27|19:49:24] Generating DAG in progress               epoch=0 percentage=11 elapsed=5.761s
INFO [02-27|19:49:24] Generating DAG in progress               epoch=0 percentage=12 elapsed=6.219s
INFO [02-27|19:49:25] Generating DAG in progress               epoch=0 percentage=13 elapsed=6.685s
INFO [02-27|19:49:25] Generating DAG in progress               epoch=0 percentage=14 elapsed=7.155s
INFO [02-27|19:49:26] Generating DAG in progress               epoch=0 percentage=15 elapsed=7.621s
INFO [02-27|19:49:26] Generating DAG in progress               epoch=0 percentage=16 elapsed=8.074s
INFO [02-27|19:49:27] Generating DAG in progress               epoch=0 percentage=17 elapsed=8.532s
INFO [02-27|19:49:27] Generating DAG in progress               epoch=0 percentage=18 elapsed=8.979s
INFO [02-27|19:49:27] Generating DAG in progress               epoch=0 percentage=19 elapsed=9.435s
INFO [02-27|19:49:28] Generating DAG in progress               epoch=0 percentage=20 elapsed=9.898s
INFO [02-27|19:49:28] Generating DAG in progress               epoch=0 percentage=21 elapsed=10.356s
INFO [02-27|19:49:29] Generating DAG in progress               epoch=0 percentage=22 elapsed=10.806s
INFO [02-27|19:49:29] Generating DAG in progress               epoch=0 percentage=23 elapsed=11.259s
INFO [02-27|19:49:30] Generating DAG in progress               epoch=0 percentage=24 elapsed=11.722s
INFO [02-27|19:49:30] Generating DAG in progress               epoch=0 percentage=25 elapsed=12.174s
INFO [02-27|19:49:31] Generating DAG in progress               epoch=0 percentage=26 elapsed=12.624s
INFO [02-27|19:49:31] Generating DAG in progress               epoch=0 percentage=27 elapsed=13.083s
INFO [02-27|19:49:32] Generating DAG in progress               epoch=0 percentage=28 elapsed=13.534s
INFO [02-27|19:49:32] Generating DAG in progress               epoch=0 percentage=29 elapsed=13.990s
INFO [02-27|19:49:32] Generating DAG in progress               epoch=0 percentage=30 elapsed=14.449s
INFO [02-27|19:49:33] Generating DAG in progress               epoch=0 percentage=31 elapsed=14.924s
INFO [02-27|19:49:33] Generating DAG in progress               epoch=0 percentage=32 elapsed=15.433s
INFO [02-27|19:49:34] Generating DAG in progress               epoch=0 percentage=33 elapsed=15.973s
INFO [02-27|19:49:34] Generating DAG in progress               epoch=0 percentage=34 elapsed=16.450s
INFO [02-27|19:49:35] Generating DAG in progress               epoch=0 percentage=35 elapsed=16.918s
INFO [02-27|19:49:35] Generating DAG in progress               epoch=0 percentage=36 elapsed=17.425s
INFO [02-27|19:49:36] Generating DAG in progress               epoch=0 percentage=37 elapsed=17.946s
INFO [02-27|19:49:36] Generating DAG in progress               epoch=0 percentage=38 elapsed=18.431s
INFO [02-27|19:49:37] Generating DAG in progress               epoch=0 percentage=39 elapsed=18.896s
INFO [02-27|19:49:37] Generating DAG in progress               epoch=0 percentage=40 elapsed=19.392s
INFO [02-27|19:49:38] Generating DAG in progress               epoch=0 percentage=41 elapsed=19.936s
INFO [02-27|19:49:38] Generating DAG in progress               epoch=0 percentage=42 elapsed=20.447s
INFO [02-27|19:49:39] Generating DAG in progress               epoch=0 percentage=43 elapsed=20.932s
INFO [02-27|19:49:39] Generating DAG in progress               epoch=0 percentage=44 elapsed=21.421s
INFO [02-27|19:49:40] Generating DAG in progress               epoch=0 percentage=45 elapsed=21.896s
INFO [02-27|19:49:40] Generating DAG in progress               epoch=0 percentage=46 elapsed=22.376s
INFO [02-27|19:49:41] Generating DAG in progress               epoch=0 percentage=47 elapsed=22.911s
INFO [02-27|19:49:41] Generating DAG in progress               epoch=0 percentage=48 elapsed=23.433s
INFO [02-27|19:49:42] Generating DAG in progress               epoch=0 percentage=49 elapsed=23.918s
INFO [02-27|19:49:42] Generating DAG in progress               epoch=0 percentage=50 elapsed=24.406s
INFO [02-27|19:49:43] Generating DAG in progress               epoch=0 percentage=51 elapsed=24.909s
INFO [02-27|19:49:43] Generating DAG in progress               epoch=0 percentage=52 elapsed=25.404s
INFO [02-27|19:49:44] Generating DAG in progress               epoch=0 percentage=53 elapsed=25.914s
INFO [02-27|19:49:44] Generating DAG in progress               epoch=0 percentage=54 elapsed=26.412s
INFO [02-27|19:49:45] Generating DAG in progress               epoch=0 percentage=55 elapsed=26.916s
INFO [02-27|19:49:45] Generating DAG in progress               epoch=0 percentage=56 elapsed=27.420s
INFO [02-27|19:49:46] Generating DAG in progress               epoch=0 percentage=57 elapsed=27.936s
INFO [02-27|19:49:46] Generating DAG in progress               epoch=0 percentage=58 elapsed=28.443s
INFO [02-27|19:49:47] Generating DAG in progress               epoch=0 percentage=59 elapsed=28.943s
INFO [02-27|19:49:47] Generating DAG in progress               epoch=0 percentage=60 elapsed=29.449s
INFO [02-27|19:49:48] Generating DAG in progress               epoch=0 percentage=61 elapsed=29.952s
INFO [02-27|19:49:48] Generating DAG in progress               epoch=0 percentage=62 elapsed=30.458s
INFO [02-27|19:49:49] Generating DAG in progress               epoch=0 percentage=63 elapsed=30.961s
INFO [02-27|19:49:49] Generating DAG in progress               epoch=0 percentage=64 elapsed=31.468s
INFO [02-27|19:49:50] Generating DAG in progress               epoch=0 percentage=65 elapsed=31.980s
INFO [02-27|19:49:50] Generating DAG in progress               epoch=0 percentage=66 elapsed=32.490s
INFO [02-27|19:49:51] Generating DAG in progress               epoch=0 percentage=67 elapsed=32.999s
INFO [02-27|19:49:52] Generating DAG in progress               epoch=0 percentage=68 elapsed=33.515s
INFO [02-27|19:49:52] Generating DAG in progress               epoch=0 percentage=69 elapsed=34.029s
INFO [02-27|19:49:53] Generating DAG in progress               epoch=0 percentage=70 elapsed=34.535s
INFO [02-27|19:49:53] Generating DAG in progress               epoch=0 percentage=71 elapsed=35.049s
INFO [02-27|19:49:54] Generating DAG in progress               epoch=0 percentage=72 elapsed=35.567s
INFO [02-27|19:49:54] Generating DAG in progress               epoch=0 percentage=73 elapsed=36.091s
INFO [02-27|19:49:55] Generating DAG in progress               epoch=0 percentage=74 elapsed=36.602s
INFO [02-27|19:49:55] Generating DAG in progress               epoch=0 percentage=75 elapsed=37.137s
INFO [02-27|19:49:56] Generating DAG in progress               epoch=0 percentage=76 elapsed=37.657s
INFO [02-27|19:49:56] Generating DAG in progress               epoch=0 percentage=77 elapsed=38.176s
INFO [02-27|19:49:57] Generating DAG in progress               epoch=0 percentage=78 elapsed=38.687s
INFO [02-27|19:49:57] Generating DAG in progress               epoch=0 percentage=79 elapsed=39.214s
INFO [02-27|19:49:58] Generating DAG in progress               epoch=0 percentage=80 elapsed=39.742s
INFO [02-27|19:49:58] Generating DAG in progress               epoch=0 percentage=81 elapsed=40.259s
INFO [02-27|19:49:59] Generating DAG in progress               epoch=0 percentage=82 elapsed=40.776s
INFO [02-27|19:49:59] Generating DAG in progress               epoch=0 percentage=83 elapsed=41.289s
INFO [02-27|19:50:00] Generating DAG in progress               epoch=0 percentage=84 elapsed=41.819s
INFO [02-27|19:50:00] Generating DAG in progress               epoch=0 percentage=85 elapsed=42.337s
INFO [02-27|19:50:01] Generating DAG in progress               epoch=0 percentage=86 elapsed=42.862s
INFO [02-27|19:50:01] Generating DAG in progress               epoch=0 percentage=87 elapsed=43.382s
INFO [02-27|19:50:02] Generating DAG in progress               epoch=0 percentage=88 elapsed=43.907s
INFO [02-27|19:50:02] Generating DAG in progress               epoch=0 percentage=89 elapsed=44.431s
INFO [02-27|19:50:03] Generating DAG in progress               epoch=0 percentage=90 elapsed=44.954s
INFO [02-27|19:50:03] Generating DAG in progress               epoch=0 percentage=91 elapsed=45.479s
INFO [02-27|19:50:04] Generating DAG in progress               epoch=0 percentage=92 elapsed=46.035s
INFO [02-27|19:50:05] Generating DAG in progress               epoch=0 percentage=93 elapsed=46.560s
INFO [02-27|19:50:05] Generating DAG in progress               epoch=0 percentage=94 elapsed=47.100s
INFO [02-27|19:50:06] Generating DAG in progress               epoch=0 percentage=95 elapsed=47.636s
INFO [02-27|19:50:06] Generating DAG in progress               epoch=0 percentage=96 elapsed=48.201s
INFO [02-27|19:50:07] Generating DAG in progress               epoch=0 percentage=97 elapsed=48.731s
INFO [02-27|19:50:07] Generating DAG in progress               epoch=0 percentage=98 elapsed=49.260s
INFO [02-27|19:50:08] Generating DAG in progress               epoch=0 percentage=99 elapsed=49.941s
INFO [02-27|19:50:08] Generated ethash verification cache      epoch=0 elapsed=49.943s
INFO [02-27|19:50:10] Successfully sealed new block            number=1 hash=1e8ef0…6100c3
INFO [02-27|19:50:10] 🔨 mined potential block                  number=1 hash=1e8ef0…6100c3
INFO [02-27|19:50:10] Commit new mining work                   number=2 txs=0 uncles=0 elapsed=139.938µs
INFO [02-27|19:50:10] Successfully sealed new block            number=2 hash=2dc9f6…5d7679
INFO [02-27|19:50:10] 🔨 mined potential block                  number=2 hash=2dc9f6…5d7679
INFO [02-27|19:50:10] Commit new mining work                   number=3 txs=0 uncles=0 elapsed=92.597µs
INFO [02-27|19:50:10] Successfully sealed new block            number=3 hash=0a8414…f85d6f
INFO [02-27|19:50:10] 🔨 mined potential block                  number=3 hash=0a8414…f85d6f
INFO [02-27|19:50:10] Mining too far in the future             wait=2s
INFO [02-27|19:50:11] Generating DAG in progress               epoch=1 percentage=0  elapsed=504.302ms
INFO [02-27|19:50:12] Generating DAG in progress               epoch=1 percentage=1  elapsed=1.021s
INFO [02-27|19:50:12] Generating DAG in progress               epoch=1 percentage=2  elapsed=1.545s
INFO [02-27|19:50:13] Commit new mining work                   number=4 txs=0 uncles=0 elapsed=2.021s
INFO [02-27|19:50:13] Generating DAG in progress               epoch=1 percentage=3  elapsed=2.394s
INFO [02-27|19:50:14] Successfully sealed new block            number=4 hash=599471…ad0be0
INFO [02-27|19:50:14] 🔨 mined potential block                  number=4 hash=599471…ad0be0
INFO [02-27|19:50:14] Commit new mining work                   number=5 txs=0 uncles=0 elapsed=130.536µs
INFO [02-27|19:50:14] Generating DAG in progress               epoch=1 percentage=4  elapsed=3.355s
INFO [02-27|19:50:15] Successfully sealed new block            number=5 hash=ebce44…e4ce75
INFO [02-27|19:50:15] 🔨 mined potential block                  number=5 hash=ebce44…e4ce75
INFO [02-27|19:50:15] Commit new mining work                   number=6 txs=0 uncles=0 elapsed=143.191µs
INFO [02-27|19:50:15] Successfully sealed new block            number=6 hash=c72445…ab6b24
INFO [02-27|19:50:15] 🔗 block reached canonical chain          number=1 hash=1e8ef0…6100c3
INFO [02-27|19:50:15] 🔨 mined potential block                  number=6 hash=c72445…ab6b24
INFO [02-27|19:50:15] Commit new mining work                   number=7 txs=0 uncles=0 elapsed=115.711µs
INFO [02-27|19:50:15] Successfully sealed new block            number=7 hash=e20877…3289d4
INFO [02-27|19:50:15] 🔗 block reached canonical chain          number=2 hash=2dc9f6…5d7679
INFO [02-27|19:50:15] 🔨 mined potential block                  number=7 hash=e20877…3289d4
INFO [02-27|19:50:15] Mining too far in the future             wait=2s
INFO [02-27|19:50:15] Generating DAG in progress               epoch=1 percentage=5  elapsed=4.241s
INFO [02-27|19:50:16] Generating DAG in progress               epoch=1 percentage=6  elapsed=4.764s
INFO [02-27|19:50:16] Generating DAG in progress               epoch=1 percentage=7  elapsed=5.292s
INFO [02-27|19:50:17] Generating DAG in progress               epoch=1 percentage=8  elapsed=5.824s
INFO [02-27|19:50:17] Commit new mining work                   number=8 txs=0 uncles=0 elapsed=2.009s
INFO [02-27|19:50:17] Generating DAG in progress               epoch=1 percentage=9  elapsed=6.440s
INFO [02-27|19:50:18] Successfully sealed new block            number=8 hash=122d1f…9135d3
INFO [02-27|19:50:18] 🔗 block reached canonical chain          number=3 hash=0a8414…f85d6f
INFO [02-27|19:50:18] 🔨 mined potential block                  number=8 hash=122d1f…9135d3
INFO [02-27|19:50:18] Commit new mining work                   number=9 txs=0 uncles=0 elapsed=134.062µs
INFO [02-27|19:50:18] Successfully sealed new block            number=9 hash=2c9a7f…7ea548
INFO [02-27|19:50:18] 🔗 block reached canonical chain          number=4 hash=599471…ad0be0
INFO [02-27|19:50:18] 🔨 mined potential block                  number=9 hash=2c9a7f…7ea548
INFO [02-27|19:50:18] Commit new mining work                   number=10 txs=0 uncles=0 elapsed=141.024µs
INFO [02-27|19:50:18] Generating DAG in progress               epoch=1 percentage=10 elapsed=7.401s
INFO [02-27|19:50:19] Successfully sealed new block            number=10 hash=d0a6a4…ff9f33
INFO [02-27|19:50:19] 🔗 block reached canonical chain          number=5  hash=ebce44…e4ce75
INFO [02-27|19:50:19] 🔨 mined potential block                  number=10 hash=d0a6a4…ff9f33
INFO [02-27|19:50:19] Commit new mining work                   number=11 txs=0 uncles=0 elapsed=159.76µs
INFO [02-27|19:50:19] Successfully sealed new block            number=11 hash=bfe541…7c4ee1
INFO [02-27|19:50:19] 🔗 block reached canonical chain          number=6  hash=c72445…ab6b24
INFO [02-27|19:50:19] 🔨 mined potential block                  number=11 hash=bfe541…7c4ee1
INFO [02-27|19:50:19] Mining too far in the future             wait=2s
INFO [02-27|19:50:19] Generating DAG in progress               epoch=1 percentage=11 elapsed=8.096s
INFO [02-27|19:50:19] Generating DAG in progress               epoch=1 percentage=12 elapsed=8.626s
INFO [02-27|19:50:20] Generating DAG in progress               epoch=1 percentage=13 elapsed=9.171s
INFO [02-27|19:50:21] Generating DAG in progress               epoch=1 percentage=14 elapsed=9.707s
INFO [02-27|19:50:21] Commit new mining work                   number=12 txs=0 uncles=0 elapsed=2.008s
INFO [02-27|19:50:21] Successfully sealed new block            number=12 hash=c32b42…b9233a
INFO [02-27|19:50:21] 🔗 block reached canonical chain          number=7  hash=e20877…3289d4
INFO [02-27|19:50:21] 🔨 mined potential block                  number=12 hash=c32b42…b9233a
INFO [02-27|19:50:21] Commit new mining work                   number=13 txs=0 uncles=0 elapsed=184.618µs
INFO [02-27|19:50:21] Generating DAG in progress               epoch=1 percentage=15 elapsed=10.492s
INFO [02-27|19:50:22] Successfully sealed new block            number=13 hash=44b684…e8588d
INFO [02-27|19:50:22] 🔗 block reached canonical chain          number=8  hash=122d1f…9135d3
INFO [02-27|19:50:22] 🔨 mined potential block                  number=13 hash=44b684…e8588d
INFO [02-27|19:50:22] Commit new mining work                   number=14 txs=0 uncles=0 elapsed=156.856µs
INFO [02-27|19:50:22] Generating DAG in progress               epoch=1 percentage=16 elapsed=11.559s
INFO [02-27|19:50:23] Generating DAG in progress               epoch=1 percentage=17 elapsed=12.599s
INFO [02-27|19:50:25] Generating DAG in progress               epoch=1 percentage=18 elapsed=13.695s
INFO [02-27|19:50:25] Successfully sealed new block            number=14 hash=c2eb85…4c57cb
INFO [02-27|19:50:25] 🔗 block reached canonical chain          number=9  hash=2c9a7f…7ea548
INFO [02-27|19:50:25] 🔨 mined potential block                  number=14 hash=c2eb85…4c57cb
INFO [02-27|19:50:25] Commit new mining work                   number=15 txs=0 uncles=0 elapsed=147.279µs
INFO [02-27|19:50:25] Successfully sealed new block            number=15 hash=3f5993…ba89f9
INFO [02-27|19:50:25] 🔗 block reached canonical chain          number=10 hash=d0a6a4…ff9f33
INFO [02-27|19:50:25] 🔨 mined potential block                  number=15 hash=3f5993…ba89f9
INFO [02-27|19:50:25] Commit new mining work                   number=16 txs=0 uncles=0 elapsed=147.235µs
INFO [02-27|19:50:26] Generating DAG in progress               epoch=1 percentage=19 elapsed=14.683s
INFO [02-27|19:50:26] Successfully sealed new block            number=16 hash=ea0471…a2745c
INFO [02-27|19:50:26] 🔗 block reached canonical chain          number=11 hash=bfe541…7c4ee1
INFO [02-27|19:50:26] 🔨 mined potential block                  number=16 hash=ea0471…a2745c
INFO [02-27|19:50:26] Commit new mining work                   number=17 txs=0 uncles=0 elapsed=131.691µs
INFO [02-27|19:50:26] Generating DAG in progress               epoch=1 percentage=20 elapsed=15.643s
INFO [02-27|19:50:27] Successfully sealed new block            number=17 hash=33dd7d…5ac83f
INFO [02-27|19:50:27] 🔗 block reached canonical chain          number=12 hash=c32b42…b9233a
INFO [02-27|19:50:27] 🔨 mined potential block                  number=17 hash=33dd7d…5ac83f
INFO [02-27|19:50:27] Commit new mining work                   number=18 txs=0 uncles=0 elapsed=140.695µs
INFO [02-27|19:50:28] Generating DAG in progress               epoch=1 percentage=21 elapsed=16.696s
INFO [02-27|19:50:29] Generating DAG in progress               epoch=1 percentage=22 elapsed=17.818s
INFO [02-27|19:50:29] Successfully sealed new block            number=18 hash=6d1085…14ff5f
INFO [02-27|19:50:29] 🔗 block reached canonical chain          number=13 hash=44b684…e8588d
INFO [02-27|19:50:29] 🔨 mined potential block                  number=18 hash=6d1085…14ff5f
INFO [02-27|19:50:29] Commit new mining work                   number=19 txs=0 uncles=0 elapsed=140.002µs
INFO [02-27|19:50:29] Successfully sealed new block            number=19 hash=557c8b…269707
INFO [02-27|19:50:29] 🔗 block reached canonical chain          number=14 hash=c2eb85…4c57cb
INFO [02-27|19:50:29] 🔨 mined potential block                  number=19 hash=557c8b…269707
INFO [02-27|19:50:29] Commit new mining work                   number=20 txs=0 uncles=0 elapsed=144.594µs
INFO [02-27|19:50:30] Generating DAG in progress               epoch=1 percentage=23 elapsed=18.822s
INFO [02-27|19:50:31] Generating DAG in progress               epoch=1 percentage=24 elapsed=19.929s
INFO [02-27|19:50:31] Successfully sealed new block            number=20 hash=186cc1…085e6f
INFO [02-27|19:50:31] 🔗 block reached canonical chain          number=15 hash=3f5993…ba89f9
INFO [02-27|19:50:31] 🔨 mined potential block                  number=20 hash=186cc1…085e6f
INFO [02-27|19:50:31] Commit new mining work                   number=21 txs=0 uncles=0 elapsed=144.008µs
INFO [02-27|19:50:31] Successfully sealed new block            number=21 hash=de89f0…f90bb3
INFO [02-27|19:50:31] 🔗 block reached canonical chain          number=16 hash=ea0471…a2745c
INFO [02-27|19:50:31] 🔨 mined potential block                  number=21 hash=de89f0…f90bb3
INFO [02-27|19:50:31] Commit new mining work                   number=22 txs=0 uncles=0 elapsed=151.468µs
INFO [02-27|19:50:32] Generating DAG in progress               epoch=1 percentage=25 elapsed=20.849s
INFO [02-27|19:50:32] Successfully sealed new block            number=22 hash=8e099f…2dd039
INFO [02-27|19:50:32] 🔗 block reached canonical chain          number=17 hash=33dd7d…5ac83f
INFO [02-27|19:50:32] 🔨 mined potential block                  number=22 hash=8e099f…2dd039
INFO [02-27|19:50:32] Commit new mining work                   number=23 txs=0 uncles=0 elapsed=163.921µs
INFO [02-27|19:50:33] Successfully sealed new block            number=23 hash=f81152…f9f191
INFO [02-27|19:50:33] 🔗 block reached canonical chain          number=18 hash=6d1085…14ff5f
INFO [02-27|19:50:33] 🔨 mined potential block                  number=23 hash=f81152…f9f191
INFO [02-27|19:50:33] Commit new mining work                   number=24 txs=0 uncles=0 elapsed=136.73µs
INFO [02-27|19:50:33] Generating DAG in progress               epoch=1 percentage=26 elapsed=21.856s
INFO [02-27|19:50:34] Generating DAG in progress               epoch=1 percentage=27 elapsed=22.970s
INFO [02-27|19:50:34] Successfully sealed new block            number=24 hash=1ea27c…4121cc
INFO [02-27|19:50:34] 🔗 block reached canonical chain          number=19 hash=557c8b…269707
INFO [02-27|19:50:34] 🔨 mined potential block                  number=24 hash=1ea27c…4121cc
INFO [02-27|19:50:34] Commit new mining work                   number=25 txs=0 uncles=0 elapsed=158.702µs
INFO [02-27|19:50:35] Successfully sealed new block            number=25 hash=74b42d…f1dc06
INFO [02-27|19:50:35] 🔗 block reached canonical chain          number=20 hash=186cc1…085e6f
INFO [02-27|19:50:35] 🔨 mined potential block                  number=25 hash=74b42d…f1dc06
INFO [02-27|19:50:35] Commit new mining work                   number=26 txs=0 uncles=0 elapsed=164.734µs
INFO [02-27|19:50:35] Generating DAG in progress               epoch=1 percentage=28 elapsed=23.969s
INFO [02-27|19:50:36] Successfully sealed new block            number=26 hash=815d80…1ae5c3
INFO [02-27|19:50:36] 🔗 block reached canonical chain          number=21 hash=de89f0…f90bb3
INFO [02-27|19:50:36] 🔨 mined potential block                  number=26 hash=815d80…1ae5c3
INFO [02-27|19:50:36] Commit new mining work                   number=27 txs=0 uncles=0 elapsed=175.17µs
INFO [02-27|19:50:36] Generating DAG in progress               epoch=1 percentage=29 elapsed=25.001s
INFO [02-27|19:50:36] Generating DAG in progress               epoch=1 percentage=30 elapsed=25.554s
INFO [02-27|19:50:37] Generating DAG in progress               epoch=1 percentage=31 elapsed=26.112s
INFO [02-27|19:50:38] Generating DAG in progress               epoch=1 percentage=32 elapsed=26.695s
INFO [02-27|19:50:38] Generating DAG in progress               epoch=1 percentage=33 elapsed=27.291s
INFO [02-27|19:50:39] Generating DAG in progress               epoch=1 percentage=34 elapsed=27.884s
INFO [02-27|19:50:39] Generating DAG in progress               epoch=1 percentage=35 elapsed=28.469s
INFO [02-27|19:50:40] Generating DAG in progress               epoch=1 percentage=36 elapsed=29.097s
INFO [02-27|19:50:41] Generating DAG in progress               epoch=1 percentage=37 elapsed=29.676s
INFO [02-27|19:50:41] Generating DAG in progress               epoch=1 percentage=38 elapsed=30.240s
INFO [02-27|19:50:42] Generating DAG in progress               epoch=1 percentage=39 elapsed=30.805s
INFO [02-27|19:50:42] Generating DAG in progress               epoch=1 percentage=40 elapsed=31.346s
INFO [02-27|19:50:43] Generating DAG in progress               epoch=1 percentage=41 elapsed=31.886s
INFO [02-27|19:50:43] Generating DAG in progress               epoch=1 percentage=42 elapsed=32.411s
INFO [02-27|19:50:44] Generating DAG in progress               epoch=1 percentage=43 elapsed=32.926s
INFO [02-27|19:50:44] Generating DAG in progress               epoch=1 percentage=44 elapsed=33.474s
INFO [02-27|19:50:45] Generating DAG in progress               epoch=1 percentage=45 elapsed=34.034s
INFO [02-27|19:50:45] Generating DAG in progress               epoch=1 percentage=46 elapsed=34.624s
INFO [02-27|19:50:46] Generating DAG in progress               epoch=1 percentage=47 elapsed=35.193s
INFO [02-27|19:50:47] Generating DAG in progress               epoch=1 percentage=48 elapsed=35.759s
INFO [02-27|19:50:47] Generating DAG in progress               epoch=1 percentage=49 elapsed=36.314s
INFO [02-27|19:50:48] Generating DAG in progress               epoch=1 percentage=50 elapsed=36.867s
INFO [02-27|19:50:48] Generating DAG in progress               epoch=1 percentage=51 elapsed=37.403s
INFO [02-27|19:50:49] Generating DAG in progress               epoch=1 percentage=52 elapsed=37.939s
INFO [02-27|19:50:49] Generating DAG in progress               epoch=1 percentage=53 elapsed=38.470s
INFO [02-27|19:50:50] Generating DAG in progress               epoch=1 percentage=54 elapsed=39.025s
INFO [02-27|19:50:50] Generating DAG in progress               epoch=1 percentage=55 elapsed=39.570s
INFO [02-27|19:50:51] Generating DAG in progress               epoch=1 percentage=56 elapsed=40.110s
INFO [02-27|19:50:51] Generating DAG in progress               epoch=1 percentage=57 elapsed=40.655s
INFO [02-27|19:50:52] Generating DAG in progress               epoch=1 percentage=58 elapsed=41.191s
INFO [02-27|19:50:53] Generating DAG in progress               epoch=1 percentage=59 elapsed=41.735s
INFO [02-27|19:50:53] Generating DAG in progress               epoch=1 percentage=60 elapsed=42.298s
INFO [02-27|19:50:54] Generating DAG in progress               epoch=1 percentage=61 elapsed=42.840s
INFO [02-27|19:50:54] Generating DAG in progress               epoch=1 percentage=62 elapsed=43.389s
INFO [02-27|19:50:55] Generating DAG in progress               epoch=1 percentage=63 elapsed=43.951s
INFO [02-27|19:50:55] Generating DAG in progress               epoch=1 percentage=64 elapsed=44.534s
INFO [02-27|19:50:56] Generating DAG in progress               epoch=1 percentage=65 elapsed=45.188s
INFO [02-27|19:50:57] Generating DAG in progress               epoch=1 percentage=66 elapsed=45.794s
INFO [02-27|19:50:57] Generating DAG in progress               epoch=1 percentage=67 elapsed=46.454s
INFO [02-27|19:50:58] Generating DAG in progress               epoch=1 percentage=68 elapsed=46.984s
INFO [02-27|19:50:58] Generating DAG in progress               epoch=1 percentage=69 elapsed=47.509s
INFO [02-27|19:50:59] Generating DAG in progress               epoch=1 percentage=70 elapsed=48.040s
INFO [02-27|19:50:59] Generating DAG in progress               epoch=1 percentage=71 elapsed=48.565s
INFO [02-27|19:51:00] Generating DAG in progress               epoch=1 percentage=72 elapsed=49.095s
INFO [02-27|19:51:00] Generating DAG in progress               epoch=1 percentage=73 elapsed=49.619s
INFO [02-27|19:51:01] Generating DAG in progress               epoch=1 percentage=74 elapsed=50.137s
INFO [02-27|19:51:02] Generating DAG in progress               epoch=1 percentage=75 elapsed=50.676s
INFO [02-27|19:51:02] Generating DAG in progress               epoch=1 percentage=76 elapsed=51.234s
INFO [02-27|19:51:03] Generating DAG in progress               epoch=1 percentage=77 elapsed=51.796s
INFO [02-27|19:51:03] Generating DAG in progress               epoch=1 percentage=78 elapsed=52.351s
INFO [02-27|19:51:04] Generating DAG in progress               epoch=1 percentage=79 elapsed=52.912s
INFO [02-27|19:51:04] Generating DAG in progress               epoch=1 percentage=80 elapsed=53.456s
INFO [02-27|19:51:05] Generating DAG in progress               epoch=1 percentage=81 elapsed=53.979s
INFO [02-27|19:51:05] Generating DAG in progress               epoch=1 percentage=82 elapsed=54.506s
INFO [02-27|19:51:06] Generating DAG in progress               epoch=1 percentage=83 elapsed=55.027s
INFO [02-27|19:51:06] Generating DAG in progress               epoch=1 percentage=84 elapsed=55.566s
INFO [02-27|19:51:07] Generating DAG in progress               epoch=1 percentage=85 elapsed=56.107s
INFO [02-27|19:51:07] Generating DAG in progress               epoch=1 percentage=86 elapsed=56.649s
INFO [02-27|19:51:08] Generating DAG in progress               epoch=1 percentage=87 elapsed=57.183s
INFO [02-27|19:51:09] Generating DAG in progress               epoch=1 percentage=88 elapsed=57.706s
INFO [02-27|19:51:09] Generating DAG in progress               epoch=1 percentage=89 elapsed=58.228s
INFO [02-27|19:51:10] Generating DAG in progress               epoch=1 percentage=90 elapsed=58.758s
INFO [02-27|19:51:10] Generating DAG in progress               epoch=1 percentage=91 elapsed=59.289s
INFO [02-27|19:51:11] Generating DAG in progress               epoch=1 percentage=92 elapsed=59.814s
INFO [02-27|19:51:11] Generating DAG in progress               epoch=1 percentage=93 elapsed=1m0.344s
INFO [02-27|19:51:12] Generating DAG in progress               epoch=1 percentage=94 elapsed=1m0.871s
INFO [02-27|19:51:12] Generating DAG in progress               epoch=1 percentage=95 elapsed=1m1.394s
INFO [02-27|19:51:13] Generating DAG in progress               epoch=1 percentage=96 elapsed=1m1.919s
INFO [02-27|19:51:13] Generating DAG in progress               epoch=1 percentage=97 elapsed=1m2.441s
INFO [02-27|19:51:14] Generating DAG in progress               epoch=1 percentage=98 elapsed=1m2.971s
INFO [02-27|19:51:15] Generating DAG in progress               epoch=1 percentage=99 elapsed=1m3.739s
INFO [02-27|19:51:15] Generated ethash verification cache      epoch=1 elapsed=1m3.742s
INFO [02-27|20:24:24] IPC endpoint closed                      endpoint=/Users/izaakweiss/Dropbox/Programming/EthereumWargame/chain/myDataDir/geth.ipc
ERROR[02-27|20:24:24] Dangling trie nodes after full cleanup 
INFO [02-27|20:24:24] Blockchain manager stopped 
INFO [02-27|20:24:24] Stopping Ethereum protocol 
INFO [02-27|20:24:24] Ethereum protocol stopped 
INFO [02-27|20:24:24] Transaction pool stopped 
INFO [02-27|20:24:24] Database closed                          database=/Users/izaakweiss/Dropbox/Programming/EthereumWargame/chain/myDataDir/geth/chaindata
INFO [02-27|20:31:53] Maximum peer count                       ETH=25 LES=0 total=25
INFO [02-27|20:31:53] Starting peer-to-peer node               instance=Geth/v1.8.1-stable/darwin-amd64/go1.10
INFO [02-27|20:31:53] Allocated cache and file handles         database=/Users/izaakweiss/Dropbox/Programming/EthereumWargame/chain/myDataDir/geth/chaindata cache=768 handles=1024
INFO [02-27|20:31:53] Initialised chain configuration          config="{ChainID: 1994 Homestead: 0 DAO: <nil> DAOSupport: false EIP150: <nil> EIP155: 0 EIP158: 0 Byzantium: 0 Engine: unknown}"
INFO [02-27|20:31:53] Disk storage enabled for ethash caches   dir=/Users/izaakweiss/Dropbox/Programming/EthereumWargame/chain/myDataDir/geth/ethash count=3
INFO [02-27|20:31:53] Disk storage enabled for ethash DAGs     dir=/Users/izaakweiss/.ethash                                                         count=2
INFO [02-27|20:31:53] Initialising Ethereum protocol           versions="[63 62]" network=1114
WARN [02-27|20:31:53] Head state missing, repairing chain      number=26 hash=815d80…1ae5c3
INFO [02-27|20:31:53] Rewound blockchain to past state         number=0  hash=e2b9c9…1c0c12
INFO [02-27|20:31:53] Loaded most recent local header          number=26 hash=815d80…1ae5c3 td=3427472
INFO [02-27|20:31:53] Loaded most recent local full block      number=0  hash=e2b9c9…1c0c12 td=400
INFO [02-27|20:31:53] Loaded most recent local fast block      number=26 hash=815d80…1ae5c3 td=3427472
INFO [02-27|20:31:53] Loaded local transaction journal         transactions=0 dropped=0
INFO [02-27|20:31:53] Regenerated local transaction journal    transactions=0 accounts=0
INFO [02-27|20:31:53] Starting P2P networking 
INFO [02-27|20:31:56] UDP listener up                          self=enode://b5eabacc39092641feb336ef412f851196ef10aa05e3a0e6c21f4ea50537cb491cc4c418bca5082e830bd6d8c5c7820b3568c7c2c7fb80aacfe0684c90ff919b@4.14.113.10:30303
INFO [02-27|20:31:56] RLPx listener up                         self=enode://b5eabacc39092641feb336ef412f851196ef10aa05e3a0e6c21f4ea50537cb491cc4c418bca5082e830bd6d8c5c7820b3568c7c2c7fb80aacfe0684c90ff919b@4.14.113.10:30303
INFO [02-27|20:31:56] IPC endpoint opened                      url=/Users/izaakweiss/Dropbox/Programming/EthereumWargame/chain/myDataDir/geth.ipc
INFO [02-27|20:31:56] Etherbase automatically configured       address=0xf35482C81c8b17aFb6905541ef24AbBD95e5c126
INFO [02-27|20:32:34] IPC endpoint closed                      endpoint=/Users/izaakweiss/Dropbox/Programming/EthereumWargame/chain/myDataDir/geth.ipc
INFO [02-27|20:32:34] Blockchain manager stopped 
INFO [02-27|20:32:34] Stopping Ethereum protocol 
INFO [02-27|20:32:34] Ethereum protocol stopped 
INFO [02-27|20:32:34] Transaction pool stopped 
INFO [02-27|20:32:34] Database closed                          database=/Users/izaakweiss/Dropbox/Programming/EthereumWargame/chain/myDataDir/geth/chaindata
